<?xml version="1.0"?>
<!DOCTYPE coverage SYSTEM "http://cobertura.sourceforge.net/xml/coverage-04.dtd">

<coverage line-rate="0.41950261780104714" branch-rate="0.33236994219653176" lines-covered="641" lines-valid="1528" branches-covered="115" branches-valid="346" complexity="1.525458248472505" version="2.1.1" timestamp="1458575348973">
	<sources>
		<source>/home/thiago/Dropbox/dev/projects/MobiSaude/fontes/mobisaude-services/src/main/java</source>
		<source>--source</source>
	</sources>
	<packages>
		<package name="co.salutary.mobisaude.exception" line-rate="0.0" branch-rate="1.0" complexity="1.0">
			<classes>
				<class name="co.salutary.mobisaude.exception.GenericMobisaudeServicesException" filename="co/salutary/mobisaude/exception/GenericMobisaudeServicesException.java" line-rate="0.0" branch-rate="1.0" complexity="1.0">
					<methods>
						<method name="&lt;init&gt;" signature="(Ljava/lang/String;)V" line-rate="0.0" branch-rate="1.0" complexity="0">
							<lines>
								<line number="17" hits="0" branch="false"/>
								<line number="18" hits="0" branch="false"/>
							</lines>
						</method>
						<method name="&lt;init&gt;" signature="(Ljava/lang/String;Ljava/lang/Throwable;)V" line-rate="0.0" branch-rate="1.0" complexity="0">
							<lines>
								<line number="25" hits="0" branch="false"/>
								<line number="26" hits="0" branch="false"/>
							</lines>
						</method>
						<method name="&lt;init&gt;" signature="(Ljava/lang/Throwable;)V" line-rate="0.0" branch-rate="1.0" complexity="0">
							<lines>
								<line number="32" hits="0" branch="false"/>
								<line number="33" hits="0" branch="false"/>
							</lines>
						</method>
					</methods>
					<lines>
						<line number="17" hits="0" branch="false"/>
						<line number="18" hits="0" branch="false"/>
						<line number="25" hits="0" branch="false"/>
						<line number="26" hits="0" branch="false"/>
						<line number="32" hits="0" branch="false"/>
						<line number="33" hits="0" branch="false"/>
					</lines>
				</class>
			</classes>
		</package>
		<package name="co.salutary.mobisaude.model" line-rate="0.6666666666666666" branch-rate="1.0" complexity="1.3333333333333333">
			<classes>
				<class name="co.salutary.mobisaude.model.Factory" filename="co/salutary/mobisaude/model/Factory.java" line-rate="0.6666666666666666" branch-rate="1.0" complexity="1.3333333333333333">
					<methods>
						<method name="&lt;clinit&gt;" signature="()V" line-rate="1.0" branch-rate="1.0" complexity="0">
							<lines>
								<line number="17" hits="1" branch="false"/>
							</lines>
						</method>
						<method name="&lt;init&gt;" signature="()V" line-rate="1.0" branch-rate="1.0" complexity="0">
							<lines>
								<line number="16" hits="1" branch="false"/>
								<line number="26" hits="1" branch="false"/>
								<line number="27" hits="1" branch="false"/>
							</lines>
						</method>
						<method name="get" signature="(Ljava/lang/String;)Ljava/lang/Object;" line-rate="1.0" branch-rate="1.0" complexity="0">
							<lines>
								<line number="42" hits="19" branch="true" condition-coverage="100% (2/2)">
									<conditions>
										<condition number="0" type="jump" coverage="100%"/>
									</conditions>
								</line>
								<line number="43" hits="1" branch="false"/>
								<line number="45" hits="19" branch="false"/>
							</lines>
						</method>
						<method name="getApplicationContext" signature="()Lorg/springframework/context/ApplicationContext;" line-rate="0.0" branch-rate="1.0" complexity="0">
							<lines>
								<line number="38" hits="0" branch="false"/>
							</lines>
						</method>
						<method name="getInstance" signature="()Lco/salutary/mobisaude/model/Factory;" line-rate="1.0" branch-rate="1.0" complexity="0">
							<lines>
								<line number="21" hits="19" branch="true" condition-coverage="100% (2/2)">
									<conditions>
										<condition number="0" type="jump" coverage="100%"/>
									</conditions>
								</line>
								<line number="22" hits="1" branch="false"/>
								<line number="23" hits="19" branch="false"/>
							</lines>
						</method>
						<method name="setApplicationContext" signature="(Ljavax/servlet/ServletContext;)V" line-rate="0.0" branch-rate="1.0" complexity="0">
							<lines>
								<line number="30" hits="0" branch="false"/>
								<line number="31" hits="0" branch="false"/>
							</lines>
						</method>
						<method name="setApplicationContext" signature="(Lorg/springframework/context/ApplicationContext;)V" line-rate="0.0" branch-rate="1.0" complexity="0">
							<lines>
								<line number="34" hits="0" branch="false"/>
								<line number="35" hits="0" branch="false"/>
							</lines>
						</method>
					</methods>
					<lines>
						<line number="16" hits="1" branch="false"/>
						<line number="17" hits="1" branch="false"/>
						<line number="21" hits="19" branch="true" condition-coverage="100% (2/2)">
							<conditions>
								<condition number="0" type="jump" coverage="100%"/>
							</conditions>
						</line>
						<line number="22" hits="1" branch="false"/>
						<line number="23" hits="19" branch="false"/>
						<line number="26" hits="1" branch="false"/>
						<line number="27" hits="1" branch="false"/>
						<line number="30" hits="0" branch="false"/>
						<line number="31" hits="0" branch="false"/>
						<line number="34" hits="0" branch="false"/>
						<line number="35" hits="0" branch="false"/>
						<line number="38" hits="0" branch="false"/>
						<line number="42" hits="19" branch="true" condition-coverage="100% (2/2)">
							<conditions>
								<condition number="0" type="jump" coverage="100%"/>
							</conditions>
						</line>
						<line number="43" hits="1" branch="false"/>
						<line number="45" hits="19" branch="false"/>
					</lines>
				</class>
			</classes>
		</package>
		<package name="co.salutary.mobisaude.model.configuracao" line-rate="0.2" branch-rate="1.0" complexity="1.0">
			<classes>
				<class name="co.salutary.mobisaude.model.configuracao.Configuracao" filename="co/salutary/mobisaude/model/configuracao/Configuracao.java" line-rate="0.2" branch-rate="1.0" complexity="1.0">
					<methods>
						<method name="&lt;init&gt;" signature="()V" line-rate="1.0" branch-rate="1.0" complexity="0">
							<lines>
								<line number="37" hits="1" branch="false"/>
								<line number="38" hits="1" branch="false"/>
							</lines>
						</method>
						<method name="&lt;init&gt;" signature="(ILjava/lang/String;)V" line-rate="0.0" branch-rate="1.0" complexity="0">
							<lines>
								<line number="45" hits="0" branch="false"/>
								<line number="46" hits="0" branch="false"/>
								<line number="47" hits="0" branch="false"/>
								<line number="48" hits="0" branch="false"/>
							</lines>
						</method>
						<method name="getChave" signature="()Ljava/lang/String;" line-rate="0.0" branch-rate="1.0" complexity="0">
							<lines>
								<line number="76" hits="0" branch="false"/>
							</lines>
						</method>
						<method name="getIdConfiguracao" signature="()I" line-rate="1.0" branch-rate="1.0" complexity="0">
							<lines>
								<line number="59" hits="1" branch="false"/>
							</lines>
						</method>
						<method name="getValor" signature="()Ljava/lang/String;" line-rate="0.0" branch-rate="1.0" complexity="0">
							<lines>
								<line number="93" hits="0" branch="false"/>
							</lines>
						</method>
						<method name="setChave" signature="(Ljava/lang/String;)V" line-rate="0.0" branch-rate="1.0" complexity="0">
							<lines>
								<line number="84" hits="0" branch="false"/>
								<line number="85" hits="0" branch="false"/>
							</lines>
						</method>
						<method name="setIdConfiguracao" signature="(I)V" line-rate="0.0" branch-rate="1.0" complexity="0">
							<lines>
								<line number="67" hits="0" branch="false"/>
								<line number="68" hits="0" branch="false"/>
							</lines>
						</method>
						<method name="setValor" signature="(Ljava/lang/String;)V" line-rate="0.0" branch-rate="1.0" complexity="0">
							<lines>
								<line number="101" hits="0" branch="false"/>
								<line number="102" hits="0" branch="false"/>
							</lines>
						</method>
					</methods>
					<lines>
						<line number="37" hits="1" branch="false"/>
						<line number="38" hits="1" branch="false"/>
						<line number="45" hits="0" branch="false"/>
						<line number="46" hits="0" branch="false"/>
						<line number="47" hits="0" branch="false"/>
						<line number="48" hits="0" branch="false"/>
						<line number="59" hits="1" branch="false"/>
						<line number="67" hits="0" branch="false"/>
						<line number="68" hits="0" branch="false"/>
						<line number="76" hits="0" branch="false"/>
						<line number="84" hits="0" branch="false"/>
						<line number="85" hits="0" branch="false"/>
						<line number="93" hits="0" branch="false"/>
						<line number="101" hits="0" branch="false"/>
						<line number="102" hits="0" branch="false"/>
					</lines>
				</class>
			</classes>
		</package>
		<package name="co.salutary.mobisaude.model.configuracao.dao" line-rate="0.9090909090909091" branch-rate="0.5" complexity="3.5">
			<classes>
				<class name="co.salutary.mobisaude.model.configuracao.dao.ConfiguracaoDao" filename="co/salutary/mobisaude/model/configuracao/dao/ConfiguracaoDao.java" line-rate="1.0" branch-rate="1.0" complexity="1.0">
					<methods>
					</methods>
					<lines>
					</lines>
				</class>
				<class name="co.salutary.mobisaude.model.configuracao.dao.ConfiguracaoDaoImpl" filename="co/salutary/mobisaude/model/configuracao/dao/ConfiguracaoDaoImpl.java" line-rate="0.9090909090909091" branch-rate="0.5" complexity="6.0">
					<methods>
						<method name="&lt;init&gt;" signature="()V" line-rate="1.0" branch-rate="1.0" complexity="0">
							<lines>
								<line number="18" hits="1" branch="false"/>
							</lines>
						</method>
						<method name="getConfiguracao" signature="(Ljava/lang/String;)Lco/salutary/mobisaude/model/configuracao/Configuracao;" line-rate="0.9" branch-rate="0.5" complexity="0">
							<lines>
								<line number="31" hits="7" branch="false"/>
								<line number="32" hits="7" branch="false"/>
								<line number="33" hits="7" branch="false"/>
								<line number="34" hits="7" branch="false"/>
								<line number="35" hits="7" branch="true" condition-coverage="50% (2/4)">
									<conditions>
										<condition number="0" type="jump" coverage="50%"/>
										<condition number="1" type="jump" coverage="50%"/>
									</conditions>
								</line>
								<line number="36" hits="7" branch="false"/>
								<line number="38" hits="7" branch="false"/>
								<line number="39" hits="7" branch="true" condition-coverage="50% (2/4)">
									<conditions>
										<condition number="0" type="jump" coverage="50%"/>
										<condition number="1" type="jump" coverage="50%"/>
									</conditions>
								</line>
								<line number="40" hits="0" branch="false"/>
								<line number="42" hits="7" branch="false"/>
							</lines>
						</method>
					</methods>
					<lines>
						<line number="18" hits="1" branch="false"/>
						<line number="31" hits="7" branch="false"/>
						<line number="32" hits="7" branch="false"/>
						<line number="33" hits="7" branch="false"/>
						<line number="34" hits="7" branch="false"/>
						<line number="35" hits="7" branch="true" condition-coverage="50% (2/4)">
							<conditions>
								<condition number="0" type="jump" coverage="50%"/>
								<condition number="1" type="jump" coverage="50%"/>
							</conditions>
						</line>
						<line number="36" hits="7" branch="false"/>
						<line number="38" hits="7" branch="false"/>
						<line number="39" hits="7" branch="true" condition-coverage="50% (2/4)">
							<conditions>
								<condition number="0" type="jump" coverage="50%"/>
								<condition number="1" type="jump" coverage="50%"/>
							</conditions>
						</line>
						<line number="40" hits="0" branch="false"/>
						<line number="42" hits="7" branch="false"/>
					</lines>
				</class>
			</classes>
		</package>
		<package name="co.salutary.mobisaude.model.configuracao.facade" line-rate="1.0" branch-rate="1.0" complexity="1.0">
			<classes>
				<class name="co.salutary.mobisaude.model.configuracao.facade.ConfiguracaoFacade" filename="co/salutary/mobisaude/model/configuracao/facade/ConfiguracaoFacade.java" line-rate="1.0" branch-rate="1.0" complexity="1.0">
					<methods>
					</methods>
					<lines>
					</lines>
				</class>
				<class name="co.salutary.mobisaude.model.configuracao.facade.ConfiguracaoFacadeImpl" filename="co/salutary/mobisaude/model/configuracao/facade/ConfiguracaoFacadeImpl.java" line-rate="1.0" branch-rate="1.0" complexity="1.0">
					<methods>
						<method name="&lt;init&gt;" signature="()V" line-rate="1.0" branch-rate="1.0" complexity="0">
							<lines>
								<line number="16" hits="1" branch="false"/>
							</lines>
						</method>
						<method name="getConfiguracao" signature="(Ljava/lang/String;)Lco/salutary/mobisaude/model/configuracao/Configuracao;" line-rate="1.0" branch-rate="1.0" complexity="0">
							<lines>
								<line number="28" hits="7" branch="false"/>
							</lines>
						</method>
					</methods>
					<lines>
						<line number="16" hits="1" branch="false"/>
						<line number="28" hits="7" branch="false"/>
					</lines>
				</class>
			</classes>
		</package>
		<package name="co.salutary.mobisaude.model.estabelecimentosaude" line-rate="0.7735849056603774" branch-rate="1.0" complexity="1.0">
			<classes>
				<class name="co.salutary.mobisaude.model.estabelecimentosaude.EstabelecimentoSaude" filename="co/salutary/mobisaude/model/estabelecimentosaude/EstabelecimentoSaude.java" line-rate="0.7735849056603774" branch-rate="1.0" complexity="1.0">
					<methods>
						<method name="&lt;init&gt;" signature="()V" line-rate="1.0" branch-rate="1.0" complexity="0">
							<lines>
								<line number="34" hits="280883" branch="false"/>
								<line number="35" hits="280883" branch="false"/>
							</lines>
						</method>
						<method name="getBairro" signature="()Ljava/lang/String;" line-rate="0.0" branch-rate="1.0" complexity="0">
							<lines>
								<line number="150" hits="0" branch="false"/>
							</lines>
						</method>
						<method name="getCep" signature="()Ljava/lang/String;" line-rate="0.0" branch-rate="1.0" complexity="0">
							<lines>
								<line number="159" hits="0" branch="false"/>
							</lines>
						</method>
						<method name="getCnpjMantenedora" signature="()Ljava/lang/String;" line-rate="0.0" branch-rate="1.0" complexity="0">
							<lines>
								<line number="60" hits="0" branch="false"/>
							</lines>
						</method>
						<method name="getEndereco" signature="()Ljava/lang/String;" line-rate="0.0" branch-rate="1.0" complexity="0">
							<lines>
								<line number="141" hits="0" branch="false"/>
							</lines>
						</method>
						<method name="getEsferaAdministrativa" signature="()Ljava/lang/String;" line-rate="0.0" branch-rate="1.0" complexity="0">
							<lines>
								<line number="114" hits="0" branch="false"/>
							</lines>
						</method>
						<method name="getIdCnes" signature="()I" line-rate="1.0" branch-rate="1.0" complexity="0">
							<lines>
								<line number="42" hits="1" branch="false"/>
							</lines>
						</method>
						<method name="getIdMunicipio" signature="()Ljava/lang/Integer;" line-rate="0.0" branch-rate="1.0" complexity="0">
							<lines>
								<line number="51" hits="0" branch="false"/>
							</lines>
						</method>
						<method name="getIdTipoEstabelecimentoSaude" signature="()Ljava/lang/Short;" line-rate="1.0" branch-rate="1.0" complexity="0">
							<lines>
								<line number="96" hits="280882" branch="false"/>
							</lines>
						</method>
						<method name="getIdTipoGestao" signature="()Ljava/lang/Short;" line-rate="0.0" branch-rate="1.0" complexity="0">
							<lines>
								<line number="123" hits="0" branch="false"/>
							</lines>
						</method>
						<method name="getLatitude" signature="()Ljava/lang/Double;" line-rate="1.0" branch-rate="1.0" complexity="0">
							<lines>
								<line number="168" hits="280882" branch="false"/>
							</lines>
						</method>
						<method name="getLogradouro" signature="()Ljava/lang/String;" line-rate="0.0" branch-rate="1.0" complexity="0">
							<lines>
								<line number="132" hits="0" branch="false"/>
							</lines>
						</method>
						<method name="getLongitude" signature="()Ljava/lang/Double;" line-rate="1.0" branch-rate="1.0" complexity="0">
							<lines>
								<line number="177" hits="280882" branch="false"/>
							</lines>
						</method>
						<method name="getNaturezaOrganizacao" signature="()Ljava/lang/String;" line-rate="0.0" branch-rate="1.0" complexity="0">
							<lines>
								<line number="105" hits="0" branch="false"/>
							</lines>
						</method>
						<method name="getNomeFantasia" signature="()Ljava/lang/String;" line-rate="1.0" branch-rate="1.0" complexity="0">
							<lines>
								<line number="87" hits="280882" branch="false"/>
							</lines>
						</method>
						<method name="getOrigemCoordenada" signature="()Ljava/lang/String;" line-rate="0.0" branch-rate="1.0" complexity="0">
							<lines>
								<line number="186" hits="0" branch="false"/>
							</lines>
						</method>
						<method name="getRazaoSocial" signature="()Ljava/lang/String;" line-rate="0.0" branch-rate="1.0" complexity="0">
							<lines>
								<line number="78" hits="0" branch="false"/>
							</lines>
						</method>
						<method name="getRazaoSocialMantenedora" signature="()Ljava/lang/String;" line-rate="0.0" branch-rate="1.0" complexity="0">
							<lines>
								<line number="69" hits="0" branch="false"/>
							</lines>
						</method>
						<method name="setBairro" signature="(Ljava/lang/String;)V" line-rate="1.0" branch-rate="1.0" complexity="0">
							<lines>
								<line number="154" hits="280882" branch="false"/>
								<line number="155" hits="280882" branch="false"/>
							</lines>
						</method>
						<method name="setCep" signature="(Ljava/lang/String;)V" line-rate="1.0" branch-rate="1.0" complexity="0">
							<lines>
								<line number="163" hits="280882" branch="false"/>
								<line number="164" hits="280882" branch="false"/>
							</lines>
						</method>
						<method name="setCnpjMantenedora" signature="(Ljava/lang/String;)V" line-rate="1.0" branch-rate="1.0" complexity="0">
							<lines>
								<line number="64" hits="280882" branch="false"/>
								<line number="65" hits="280882" branch="false"/>
							</lines>
						</method>
						<method name="setEndereco" signature="(Ljava/lang/String;)V" line-rate="1.0" branch-rate="1.0" complexity="0">
							<lines>
								<line number="145" hits="280882" branch="false"/>
								<line number="146" hits="280882" branch="false"/>
							</lines>
						</method>
						<method name="setEsferaAdministrativa" signature="(Ljava/lang/String;)V" line-rate="1.0" branch-rate="1.0" complexity="0">
							<lines>
								<line number="118" hits="280882" branch="false"/>
								<line number="119" hits="280882" branch="false"/>
							</lines>
						</method>
						<method name="setIdCnes" signature="(I)V" line-rate="1.0" branch-rate="1.0" complexity="0">
							<lines>
								<line number="46" hits="280882" branch="false"/>
								<line number="47" hits="280882" branch="false"/>
							</lines>
						</method>
						<method name="setIdMunicipio" signature="(Ljava/lang/Integer;)V" line-rate="1.0" branch-rate="1.0" complexity="0">
							<lines>
								<line number="55" hits="280882" branch="false"/>
								<line number="56" hits="280882" branch="false"/>
							</lines>
						</method>
						<method name="setIdTipoEstabelecimentoSaude" signature="(Ljava/lang/Short;)V" line-rate="1.0" branch-rate="1.0" complexity="0">
							<lines>
								<line number="100" hits="280882" branch="false"/>
								<line number="101" hits="280882" branch="false"/>
							</lines>
						</method>
						<method name="setIdTipoGestao" signature="(Ljava/lang/Short;)V" line-rate="1.0" branch-rate="1.0" complexity="0">
							<lines>
								<line number="127" hits="280882" branch="false"/>
								<line number="128" hits="280882" branch="false"/>
							</lines>
						</method>
						<method name="setLatitude" signature="(Ljava/lang/Double;)V" line-rate="1.0" branch-rate="1.0" complexity="0">
							<lines>
								<line number="172" hits="280882" branch="false"/>
								<line number="173" hits="280882" branch="false"/>
							</lines>
						</method>
						<method name="setLogradouro" signature="(Ljava/lang/String;)V" line-rate="1.0" branch-rate="1.0" complexity="0">
							<lines>
								<line number="136" hits="280882" branch="false"/>
								<line number="137" hits="280882" branch="false"/>
							</lines>
						</method>
						<method name="setLongitude" signature="(Ljava/lang/Double;)V" line-rate="1.0" branch-rate="1.0" complexity="0">
							<lines>
								<line number="181" hits="280882" branch="false"/>
								<line number="182" hits="280882" branch="false"/>
							</lines>
						</method>
						<method name="setNaturezaOrganizacao" signature="(Ljava/lang/String;)V" line-rate="1.0" branch-rate="1.0" complexity="0">
							<lines>
								<line number="109" hits="280882" branch="false"/>
								<line number="110" hits="280882" branch="false"/>
							</lines>
						</method>
						<method name="setNomeFantasia" signature="(Ljava/lang/String;)V" line-rate="1.0" branch-rate="1.0" complexity="0">
							<lines>
								<line number="91" hits="280882" branch="false"/>
								<line number="92" hits="280882" branch="false"/>
							</lines>
						</method>
						<method name="setOrigemCoordenada" signature="(Ljava/lang/String;)V" line-rate="1.0" branch-rate="1.0" complexity="0">
							<lines>
								<line number="190" hits="280882" branch="false"/>
								<line number="191" hits="280882" branch="false"/>
							</lines>
						</method>
						<method name="setRazaoSocial" signature="(Ljava/lang/String;)V" line-rate="1.0" branch-rate="1.0" complexity="0">
							<lines>
								<line number="82" hits="280882" branch="false"/>
								<line number="83" hits="280882" branch="false"/>
							</lines>
						</method>
						<method name="setRazaoSocialMantenedora" signature="(Ljava/lang/String;)V" line-rate="1.0" branch-rate="1.0" complexity="0">
							<lines>
								<line number="73" hits="280882" branch="false"/>
								<line number="74" hits="280882" branch="false"/>
							</lines>
						</method>
					</methods>
					<lines>
						<line number="34" hits="280883" branch="false"/>
						<line number="35" hits="280883" branch="false"/>
						<line number="42" hits="1" branch="false"/>
						<line number="46" hits="280882" branch="false"/>
						<line number="47" hits="280882" branch="false"/>
						<line number="51" hits="0" branch="false"/>
						<line number="55" hits="280882" branch="false"/>
						<line number="56" hits="280882" branch="false"/>
						<line number="60" hits="0" branch="false"/>
						<line number="64" hits="280882" branch="false"/>
						<line number="65" hits="280882" branch="false"/>
						<line number="69" hits="0" branch="false"/>
						<line number="73" hits="280882" branch="false"/>
						<line number="74" hits="280882" branch="false"/>
						<line number="78" hits="0" branch="false"/>
						<line number="82" hits="280882" branch="false"/>
						<line number="83" hits="280882" branch="false"/>
						<line number="87" hits="280882" branch="false"/>
						<line number="91" hits="280882" branch="false"/>
						<line number="92" hits="280882" branch="false"/>
						<line number="96" hits="280882" branch="false"/>
						<line number="100" hits="280882" branch="false"/>
						<line number="101" hits="280882" branch="false"/>
						<line number="105" hits="0" branch="false"/>
						<line number="109" hits="280882" branch="false"/>
						<line number="110" hits="280882" branch="false"/>
						<line number="114" hits="0" branch="false"/>
						<line number="118" hits="280882" branch="false"/>
						<line number="119" hits="280882" branch="false"/>
						<line number="123" hits="0" branch="false"/>
						<line number="127" hits="280882" branch="false"/>
						<line number="128" hits="280882" branch="false"/>
						<line number="132" hits="0" branch="false"/>
						<line number="136" hits="280882" branch="false"/>
						<line number="137" hits="280882" branch="false"/>
						<line number="141" hits="0" branch="false"/>
						<line number="145" hits="280882" branch="false"/>
						<line number="146" hits="280882" branch="false"/>
						<line number="150" hits="0" branch="false"/>
						<line number="154" hits="280882" branch="false"/>
						<line number="155" hits="280882" branch="false"/>
						<line number="159" hits="0" branch="false"/>
						<line number="163" hits="280882" branch="false"/>
						<line number="164" hits="280882" branch="false"/>
						<line number="168" hits="280882" branch="false"/>
						<line number="172" hits="280882" branch="false"/>
						<line number="173" hits="280882" branch="false"/>
						<line number="177" hits="280882" branch="false"/>
						<line number="181" hits="280882" branch="false"/>
						<line number="182" hits="280882" branch="false"/>
						<line number="186" hits="0" branch="false"/>
						<line number="190" hits="280882" branch="false"/>
						<line number="191" hits="280882" branch="false"/>
					</lines>
				</class>
			</classes>
		</package>
		<package name="co.salutary.mobisaude.model.estabelecimentosaude.dao" line-rate="1.0" branch-rate="0.5714285714285714" complexity="2.75">
			<classes>
				<class name="co.salutary.mobisaude.model.estabelecimentosaude.dao.EstabelecimentoSaudeDao" filename="co/salutary/mobisaude/model/estabelecimentosaude/dao/EstabelecimentoSaudeDao.java" line-rate="1.0" branch-rate="1.0" complexity="1.0">
					<methods>
					</methods>
					<lines>
					</lines>
				</class>
				<class name="co.salutary.mobisaude.model.estabelecimentosaude.dao.EstabelecimentoSaudeDaoImpl" filename="co/salutary/mobisaude/model/estabelecimentosaude/dao/EstabelecimentoSaudeDaoImpl.java" line-rate="1.0" branch-rate="0.5714285714285714" complexity="4.5">
					<methods>
						<method name="&lt;init&gt;" signature="()V" line-rate="1.0" branch-rate="1.0" complexity="0">
							<lines>
								<line number="15" hits="1" branch="false"/>
							</lines>
						</method>
						<method name="list" signature="()Ljava/util/List;" line-rate="1.0" branch-rate="1.0" complexity="0">
							<lines>
								<line number="24" hits="1" branch="false"/>
								<line number="25" hits="1" branch="false"/>
							</lines>
						</method>
						<method name="listByMunicipio" signature="(Ljava/lang/String;)Ljava/util/List;" line-rate="1.0" branch-rate="0.5" complexity="0">
							<lines>
								<line number="31" hits="1" branch="false"/>
								<line number="32" hits="1" branch="false"/>
								<line number="33" hits="1" branch="false"/>
								<line number="35" hits="1" branch="true" condition-coverage="50% (2/4)">
									<conditions>
										<condition number="0" type="jump" coverage="50%"/>
										<condition number="1" type="jump" coverage="50%"/>
									</conditions>
								</line>
								<line number="36" hits="1" branch="false"/>
								<line number="39" hits="1" branch="false"/>
								<line number="40" hits="1" branch="true" condition-coverage="50% (2/4)">
									<conditions>
										<condition number="0" type="jump" coverage="50%"/>
										<condition number="1" type="jump" coverage="50%"/>
									</conditions>
								</line>
								<line number="41" hits="1" branch="false"/>
								<line number="44" hits="1" branch="false"/>
							</lines>
						</method>
						<method name="listByMunicipioTipoEstabelecimento" signature="(Ljava/lang/String;Ljava/lang/String;)Ljava/util/List;" line-rate="1.0" branch-rate="1.0" complexity="0">
							<lines>
								<line number="49" hits="1" branch="false"/>
								<line number="50" hits="1" branch="false"/>
								<line number="51" hits="1" branch="false"/>
							</lines>
						</method>
						<method name="listByMunicipioTiposEstabelecimento" signature="(Ljava/lang/String;[Ljava/lang/String;)Ljava/util/List;" line-rate="1.0" branch-rate="0.6" complexity="0">
							<lines>
								<line number="57" hits="2" branch="false"/>
								<line number="58" hits="2" branch="false"/>
								<line number="59" hits="2" branch="false"/>
								<line number="61" hits="2" branch="true" condition-coverage="50% (2/4)">
									<conditions>
										<condition number="0" type="jump" coverage="50%"/>
										<condition number="1" type="jump" coverage="50%"/>
									</conditions>
								</line>
								<line number="62" hits="2" branch="false"/>
								<line number="65" hits="2" branch="true" condition-coverage="50% (2/4)">
									<conditions>
										<condition number="0" type="jump" coverage="50%"/>
										<condition number="1" type="jump" coverage="50%"/>
									</conditions>
								</line>
								<line number="66" hits="2" branch="false"/>
								<line number="67" hits="2" branch="false"/>
								<line number="68" hits="5" branch="true" condition-coverage="100% (2/2)">
									<conditions>
										<condition number="0" type="jump" coverage="100%"/>
									</conditions>
								</line>
								<line number="69" hits="3" branch="false"/>
								<line number="70" hits="3" branch="false"/>
								<line number="72" hits="2" branch="false"/>
								<line number="73" hits="2" branch="false"/>
								<line number="76" hits="2" branch="false"/>
								<line number="78" hits="2" branch="false"/>
								<line number="80" hits="2" branch="true" condition-coverage="50% (2/4)">
									<conditions>
										<condition number="0" type="jump" coverage="50%"/>
										<condition number="1" type="jump" coverage="50%"/>
									</conditions>
								</line>
								<line number="81" hits="2" branch="false"/>
								<line number="84" hits="2" branch="false"/>
								<line number="85" hits="2" branch="true" condition-coverage="50% (2/4)">
									<conditions>
										<condition number="0" type="jump" coverage="50%"/>
										<condition number="1" type="jump" coverage="50%"/>
									</conditions>
								</line>
								<line number="86" hits="5" branch="true" condition-coverage="100% (2/2)">
									<conditions>
										<condition number="0" type="jump" coverage="100%"/>
									</conditions>
								</line>
								<line number="87" hits="3" branch="false"/>
								<line number="88" hits="3" branch="false"/>
								<line number="92" hits="2" branch="false"/>
							</lines>
						</method>
					</methods>
					<lines>
						<line number="15" hits="1" branch="false"/>
						<line number="24" hits="1" branch="false"/>
						<line number="25" hits="1" branch="false"/>
						<line number="31" hits="1" branch="false"/>
						<line number="32" hits="1" branch="false"/>
						<line number="33" hits="1" branch="false"/>
						<line number="35" hits="1" branch="true" condition-coverage="50% (2/4)">
							<conditions>
								<condition number="0" type="jump" coverage="50%"/>
								<condition number="1" type="jump" coverage="50%"/>
							</conditions>
						</line>
						<line number="36" hits="1" branch="false"/>
						<line number="39" hits="1" branch="false"/>
						<line number="40" hits="1" branch="true" condition-coverage="50% (2/4)">
							<conditions>
								<condition number="0" type="jump" coverage="50%"/>
								<condition number="1" type="jump" coverage="50%"/>
							</conditions>
						</line>
						<line number="41" hits="1" branch="false"/>
						<line number="44" hits="1" branch="false"/>
						<line number="49" hits="1" branch="false"/>
						<line number="50" hits="1" branch="false"/>
						<line number="51" hits="1" branch="false"/>
						<line number="57" hits="2" branch="false"/>
						<line number="58" hits="2" branch="false"/>
						<line number="59" hits="2" branch="false"/>
						<line number="61" hits="2" branch="true" condition-coverage="50% (2/4)">
							<conditions>
								<condition number="0" type="jump" coverage="50%"/>
								<condition number="1" type="jump" coverage="50%"/>
							</conditions>
						</line>
						<line number="62" hits="2" branch="false"/>
						<line number="65" hits="2" branch="true" condition-coverage="50% (2/4)">
							<conditions>
								<condition number="0" type="jump" coverage="50%"/>
								<condition number="1" type="jump" coverage="50%"/>
							</conditions>
						</line>
						<line number="66" hits="2" branch="false"/>
						<line number="67" hits="2" branch="false"/>
						<line number="68" hits="5" branch="true" condition-coverage="100% (2/2)">
							<conditions>
								<condition number="0" type="jump" coverage="100%"/>
							</conditions>
						</line>
						<line number="69" hits="3" branch="false"/>
						<line number="70" hits="3" branch="false"/>
						<line number="72" hits="2" branch="false"/>
						<line number="73" hits="2" branch="false"/>
						<line number="76" hits="2" branch="false"/>
						<line number="78" hits="2" branch="false"/>
						<line number="80" hits="2" branch="true" condition-coverage="50% (2/4)">
							<conditions>
								<condition number="0" type="jump" coverage="50%"/>
								<condition number="1" type="jump" coverage="50%"/>
							</conditions>
						</line>
						<line number="81" hits="2" branch="false"/>
						<line number="84" hits="2" branch="false"/>
						<line number="85" hits="2" branch="true" condition-coverage="50% (2/4)">
							<conditions>
								<condition number="0" type="jump" coverage="50%"/>
								<condition number="1" type="jump" coverage="50%"/>
							</conditions>
						</line>
						<line number="86" hits="5" branch="true" condition-coverage="100% (2/2)">
							<conditions>
								<condition number="0" type="jump" coverage="100%"/>
							</conditions>
						</line>
						<line number="87" hits="3" branch="false"/>
						<line number="88" hits="3" branch="false"/>
						<line number="92" hits="2" branch="false"/>
					</lines>
				</class>
			</classes>
		</package>
		<package name="co.salutary.mobisaude.model.estabelecimentosaude.facade" line-rate="1.0" branch-rate="1.0" complexity="1.0">
			<classes>
				<class name="co.salutary.mobisaude.model.estabelecimentosaude.facade.EstabelecimentoSaudeFacade" filename="co/salutary/mobisaude/model/estabelecimentosaude/facade/EstabelecimentoSaudeFacade.java" line-rate="1.0" branch-rate="1.0" complexity="1.0">
					<methods>
					</methods>
					<lines>
					</lines>
				</class>
				<class name="co.salutary.mobisaude.model.estabelecimentosaude.facade.EstabelecimentoSaudeFacadeImpl" filename="co/salutary/mobisaude/model/estabelecimentosaude/facade/EstabelecimentoSaudeFacadeImpl.java" line-rate="1.0" branch-rate="1.0" complexity="1.0">
					<methods>
						<method name="&lt;init&gt;" signature="()V" line-rate="1.0" branch-rate="1.0" complexity="0">
							<lines>
								<line number="14" hits="1" branch="false"/>
							</lines>
						</method>
						<method name="list" signature="()Ljava/util/List;" line-rate="1.0" branch-rate="1.0" complexity="0">
							<lines>
								<line number="20" hits="1" branch="false"/>
							</lines>
						</method>
						<method name="listByMunicipio" signature="(Ljava/lang/String;)Ljava/util/List;" line-rate="1.0" branch-rate="1.0" complexity="0">
							<lines>
								<line number="24" hits="1" branch="false"/>
							</lines>
						</method>
						<method name="listByMunicipioTipoEstabelecimento" signature="(Ljava/lang/String;Ljava/lang/String;)Ljava/util/List;" line-rate="1.0" branch-rate="1.0" complexity="0">
							<lines>
								<line number="28" hits="1" branch="false"/>
							</lines>
						</method>
						<method name="listByMunicipioTiposEstabelecimento" signature="(Ljava/lang/String;[Ljava/lang/String;)Ljava/util/List;" line-rate="1.0" branch-rate="1.0" complexity="0">
							<lines>
								<line number="32" hits="1" branch="false"/>
							</lines>
						</method>
					</methods>
					<lines>
						<line number="14" hits="1" branch="false"/>
						<line number="20" hits="1" branch="false"/>
						<line number="24" hits="1" branch="false"/>
						<line number="28" hits="1" branch="false"/>
						<line number="32" hits="1" branch="false"/>
					</lines>
				</class>
			</classes>
		</package>
		<package name="co.salutary.mobisaude.model.municipio.dao" line-rate="0.9444444444444444" branch-rate="0.5" complexity="2.5">
			<classes>
				<class name="co.salutary.mobisaude.model.municipio.dao.MunicipiosIbgeDao" filename="co/salutary/mobisaude/model/municipio/dao/MunicipiosIbgeDao.java" line-rate="1.0" branch-rate="1.0" complexity="1.0">
					<methods>
					</methods>
					<lines>
					</lines>
				</class>
				<class name="co.salutary.mobisaude.model.municipio.dao.MunicipiosIbgeDaoImpl" filename="co/salutary/mobisaude/model/municipio/dao/MunicipiosIbgeDaoImpl.java" line-rate="0.9444444444444444" branch-rate="0.5" complexity="4.0">
					<methods>
						<method name="&lt;init&gt;" signature="()V" line-rate="1.0" branch-rate="1.0" complexity="0">
							<lines>
								<line number="19" hits="1" branch="false"/>
							</lines>
						</method>
						<method name="getCodMunicipioByCoord" signature="(Ljava/lang/Double;Ljava/lang/Double;)[Ljava/lang/String;" line-rate="0.9411764705882353" branch-rate="0.5" complexity="0">
							<lines>
								<line number="34" hits="1" branch="false"/>
								<line number="35" hits="1" branch="false"/>
								<line number="36" hits="1" branch="false"/>
								<line number="37" hits="1" branch="false"/>
								<line number="38" hits="1" branch="false"/>
								<line number="39" hits="1" branch="false"/>
								<line number="40" hits="1" branch="false"/>
								<line number="41" hits="1" branch="false"/>
								<line number="43" hits="1" branch="false"/>
								<line number="44" hits="1" branch="false"/>
								<line number="45" hits="1" branch="true" condition-coverage="50% (2/4)">
									<conditions>
										<condition number="0" type="jump" coverage="50%"/>
										<condition number="1" type="jump" coverage="50%"/>
									</conditions>
								</line>
								<line number="46" hits="1" branch="false"/>
								<line number="47" hits="1" branch="false"/>
								<line number="48" hits="1" branch="false"/>
								<line number="49" hits="1" branch="false"/>
								<line number="50" hits="1" branch="false"/>
								<line number="52" hits="0" branch="false"/>
							</lines>
						</method>
					</methods>
					<lines>
						<line number="19" hits="1" branch="false"/>
						<line number="34" hits="1" branch="false"/>
						<line number="35" hits="1" branch="false"/>
						<line number="36" hits="1" branch="false"/>
						<line number="37" hits="1" branch="false"/>
						<line number="38" hits="1" branch="false"/>
						<line number="39" hits="1" branch="false"/>
						<line number="40" hits="1" branch="false"/>
						<line number="41" hits="1" branch="false"/>
						<line number="43" hits="1" branch="false"/>
						<line number="44" hits="1" branch="false"/>
						<line number="45" hits="1" branch="true" condition-coverage="50% (2/4)">
							<conditions>
								<condition number="0" type="jump" coverage="50%"/>
								<condition number="1" type="jump" coverage="50%"/>
							</conditions>
						</line>
						<line number="46" hits="1" branch="false"/>
						<line number="47" hits="1" branch="false"/>
						<line number="48" hits="1" branch="false"/>
						<line number="49" hits="1" branch="false"/>
						<line number="50" hits="1" branch="false"/>
						<line number="52" hits="0" branch="false"/>
					</lines>
				</class>
			</classes>
		</package>
		<package name="co.salutary.mobisaude.model.municipio.facade" line-rate="1.0" branch-rate="1.0" complexity="1.0">
			<classes>
				<class name="co.salutary.mobisaude.model.municipio.facade.MunicipiosIbgeFacade" filename="co/salutary/mobisaude/model/municipio/facade/MunicipiosIbgeFacade.java" line-rate="1.0" branch-rate="1.0" complexity="1.0">
					<methods>
					</methods>
					<lines>
					</lines>
				</class>
				<class name="co.salutary.mobisaude.model.municipio.facade.MunicipiosIbgeFacadeImpl" filename="co/salutary/mobisaude/model/municipio/facade/MunicipiosIbgeFacadeImpl.java" line-rate="1.0" branch-rate="1.0" complexity="1.0">
					<methods>
						<method name="&lt;init&gt;" signature="()V" line-rate="1.0" branch-rate="1.0" complexity="0">
							<lines>
								<line number="15" hits="1" branch="false"/>
							</lines>
						</method>
						<method name="getCodMunicipioByCoord" signature="(Ljava/lang/Double;Ljava/lang/Double;)[Ljava/lang/String;" line-rate="1.0" branch-rate="1.0" complexity="0">
							<lines>
								<line number="29" hits="1" branch="false"/>
							</lines>
						</method>
					</methods>
					<lines>
						<line number="15" hits="1" branch="false"/>
						<line number="29" hits="1" branch="false"/>
					</lines>
				</class>
			</classes>
		</package>
		<package name="co.salutary.mobisaude.model.operadora" line-rate="0.5789473684210527" branch-rate="1.0" complexity="1.0">
			<classes>
				<class name="co.salutary.mobisaude.model.operadora.Operadora" filename="co/salutary/mobisaude/model/operadora/Operadora.java" line-rate="0.5789473684210527" branch-rate="1.0" complexity="1.0">
					<methods>
						<method name="&lt;init&gt;" signature="()V" line-rate="1.0" branch-rate="1.0" complexity="0">
							<lines>
								<line number="36" hits="7" branch="false"/>
								<line number="37" hits="7" branch="false"/>
							</lines>
						</method>
						<method name="&lt;init&gt;" signature="(I)V" line-rate="0.0" branch-rate="1.0" complexity="0">
							<lines>
								<line number="43" hits="0" branch="false"/>
								<line number="44" hits="0" branch="false"/>
								<line number="45" hits="0" branch="false"/>
							</lines>
						</method>
						<method name="&lt;init&gt;" signature="(ILjava/lang/String;Ljava/lang/String;)V" line-rate="0.0" branch-rate="1.0" complexity="0">
							<lines>
								<line number="53" hits="0" branch="false"/>
								<line number="54" hits="0" branch="false"/>
								<line number="55" hits="0" branch="false"/>
								<line number="56" hits="0" branch="false"/>
								<line number="57" hits="0" branch="false"/>
							</lines>
						</method>
						<method name="getCodigo" signature="()Ljava/lang/String;" line-rate="1.0" branch-rate="1.0" complexity="0">
							<lines>
								<line number="83" hits="7" branch="false"/>
							</lines>
						</method>
						<method name="getIdOperadora" signature="()I" line-rate="1.0" branch-rate="1.0" complexity="0">
							<lines>
								<line number="66" hits="7" branch="false"/>
							</lines>
						</method>
						<method name="getNome" signature="()Ljava/lang/String;" line-rate="1.0" branch-rate="1.0" complexity="0">
							<lines>
								<line number="100" hits="7" branch="false"/>
							</lines>
						</method>
						<method name="setCodigo" signature="(Ljava/lang/String;)V" line-rate="1.0" branch-rate="1.0" complexity="0">
							<lines>
								<line number="91" hits="7" branch="false"/>
								<line number="92" hits="7" branch="false"/>
							</lines>
						</method>
						<method name="setIdOperadora" signature="(I)V" line-rate="1.0" branch-rate="1.0" complexity="0">
							<lines>
								<line number="74" hits="7" branch="false"/>
								<line number="75" hits="7" branch="false"/>
							</lines>
						</method>
						<method name="setNome" signature="(Ljava/lang/String;)V" line-rate="1.0" branch-rate="1.0" complexity="0">
							<lines>
								<line number="108" hits="7" branch="false"/>
								<line number="109" hits="7" branch="false"/>
							</lines>
						</method>
					</methods>
					<lines>
						<line number="36" hits="7" branch="false"/>
						<line number="37" hits="7" branch="false"/>
						<line number="43" hits="0" branch="false"/>
						<line number="44" hits="0" branch="false"/>
						<line number="45" hits="0" branch="false"/>
						<line number="53" hits="0" branch="false"/>
						<line number="54" hits="0" branch="false"/>
						<line number="55" hits="0" branch="false"/>
						<line number="56" hits="0" branch="false"/>
						<line number="57" hits="0" branch="false"/>
						<line number="66" hits="7" branch="false"/>
						<line number="74" hits="7" branch="false"/>
						<line number="75" hits="7" branch="false"/>
						<line number="83" hits="7" branch="false"/>
						<line number="91" hits="7" branch="false"/>
						<line number="92" hits="7" branch="false"/>
						<line number="100" hits="7" branch="false"/>
						<line number="108" hits="7" branch="false"/>
						<line number="109" hits="7" branch="false"/>
					</lines>
				</class>
			</classes>
		</package>
		<package name="co.salutary.mobisaude.model.operadora.dao" line-rate="0.7777777777777778" branch-rate="0.5" complexity="1.75">
			<classes>
				<class name="co.salutary.mobisaude.model.operadora.dao.OperadoraDao" filename="co/salutary/mobisaude/model/operadora/dao/OperadoraDao.java" line-rate="1.0" branch-rate="1.0" complexity="1.0">
					<methods>
					</methods>
					<lines>
					</lines>
				</class>
				<class name="co.salutary.mobisaude.model.operadora.dao.OperadoraDaoImpl" filename="co/salutary/mobisaude/model/operadora/dao/OperadoraDaoImpl.java" line-rate="0.7777777777777778" branch-rate="0.5" complexity="2.5">
					<methods>
						<method name="&lt;init&gt;" signature="()V" line-rate="1.0" branch-rate="1.0" complexity="0">
							<lines>
								<line number="18" hits="1" branch="false"/>
							</lines>
						</method>
						<method name="getById" signature="(I)Lco/salutary/mobisaude/model/operadora/Operadora;" line-rate="0.0" branch-rate="1.0" complexity="0">
							<lines>
								<line number="30" hits="0" branch="false"/>
							</lines>
						</method>
						<method name="list" signature="()Ljava/util/List;" line-rate="0.8571428571428571" branch-rate="0.5" complexity="0">
							<lines>
								<line number="38" hits="1" branch="false"/>
								<line number="39" hits="1" branch="false"/>
								<line number="40" hits="1" branch="false"/>
								<line number="41" hits="1" branch="false"/>
								<line number="42" hits="1" branch="true" condition-coverage="50% (2/4)">
									<conditions>
										<condition number="0" type="jump" coverage="50%"/>
										<condition number="1" type="jump" coverage="50%"/>
									</conditions>
								</line>
								<line number="43" hits="1" branch="false"/>
								<line number="45" hits="0" branch="false"/>
							</lines>
						</method>
					</methods>
					<lines>
						<line number="18" hits="1" branch="false"/>
						<line number="30" hits="0" branch="false"/>
						<line number="38" hits="1" branch="false"/>
						<line number="39" hits="1" branch="false"/>
						<line number="40" hits="1" branch="false"/>
						<line number="41" hits="1" branch="false"/>
						<line number="42" hits="1" branch="true" condition-coverage="50% (2/4)">
							<conditions>
								<condition number="0" type="jump" coverage="50%"/>
								<condition number="1" type="jump" coverage="50%"/>
							</conditions>
						</line>
						<line number="43" hits="1" branch="false"/>
						<line number="45" hits="0" branch="false"/>
					</lines>
				</class>
			</classes>
		</package>
		<package name="co.salutary.mobisaude.model.operadora.facade" line-rate="0.6666666666666666" branch-rate="1.0" complexity="1.0">
			<classes>
				<class name="co.salutary.mobisaude.model.operadora.facade.OperadoraFacade" filename="co/salutary/mobisaude/model/operadora/facade/OperadoraFacade.java" line-rate="1.0" branch-rate="1.0" complexity="1.0">
					<methods>
					</methods>
					<lines>
					</lines>
				</class>
				<class name="co.salutary.mobisaude.model.operadora.facade.OperadoraFacadeImpl" filename="co/salutary/mobisaude/model/operadora/facade/OperadoraFacadeImpl.java" line-rate="0.6666666666666666" branch-rate="1.0" complexity="1.0">
					<methods>
						<method name="&lt;init&gt;" signature="()V" line-rate="1.0" branch-rate="1.0" complexity="0">
							<lines>
								<line number="18" hits="1" branch="false"/>
							</lines>
						</method>
						<method name="getById" signature="(I)Lco/salutary/mobisaude/model/operadora/Operadora;" line-rate="0.0" branch-rate="1.0" complexity="0">
							<lines>
								<line number="30" hits="0" branch="false"/>
							</lines>
						</method>
						<method name="list" signature="()Ljava/util/List;" line-rate="1.0" branch-rate="1.0" complexity="0">
							<lines>
								<line number="37" hits="1" branch="false"/>
							</lines>
						</method>
					</methods>
					<lines>
						<line number="18" hits="1" branch="false"/>
						<line number="30" hits="0" branch="false"/>
						<line number="37" hits="1" branch="false"/>
					</lines>
				</class>
			</classes>
		</package>
		<package name="co.salutary.mobisaude.model.regiao" line-rate="0.7272727272727273" branch-rate="1.0" complexity="1.0">
			<classes>
				<class name="co.salutary.mobisaude.model.regiao.Regiao" filename="co/salutary/mobisaude/model/regiao/Regiao.java" line-rate="0.7272727272727273" branch-rate="1.0" complexity="1.0">
					<methods>
						<method name="&lt;init&gt;" signature="()V" line-rate="1.0" branch-rate="1.0" complexity="0">
							<lines>
								<line number="30" hits="5" branch="false"/>
								<line number="31" hits="5" branch="false"/>
							</lines>
						</method>
						<method name="&lt;init&gt;" signature="(S)V" line-rate="0.0" branch-rate="1.0" complexity="0">
							<lines>
								<line number="37" hits="0" branch="false"/>
								<line number="38" hits="0" branch="false"/>
								<line number="39" hits="0" branch="false"/>
							</lines>
						</method>
						<method name="getIdRegiao" signature="()S" line-rate="1.0" branch-rate="1.0" complexity="0">
							<lines>
								<line number="48" hits="5" branch="false"/>
							</lines>
						</method>
						<method name="getNome" signature="()Ljava/lang/String;" line-rate="1.0" branch-rate="1.0" complexity="0">
							<lines>
								<line number="65" hits="5" branch="false"/>
							</lines>
						</method>
						<method name="setIdRegiao" signature="(S)V" line-rate="1.0" branch-rate="1.0" complexity="0">
							<lines>
								<line number="56" hits="5" branch="false"/>
								<line number="57" hits="5" branch="false"/>
							</lines>
						</method>
						<method name="setNome" signature="(Ljava/lang/String;)V" line-rate="1.0" branch-rate="1.0" complexity="0">
							<lines>
								<line number="73" hits="5" branch="false"/>
								<line number="74" hits="5" branch="false"/>
							</lines>
						</method>
					</methods>
					<lines>
						<line number="30" hits="5" branch="false"/>
						<line number="31" hits="5" branch="false"/>
						<line number="37" hits="0" branch="false"/>
						<line number="38" hits="0" branch="false"/>
						<line number="39" hits="0" branch="false"/>
						<line number="48" hits="5" branch="false"/>
						<line number="56" hits="5" branch="false"/>
						<line number="57" hits="5" branch="false"/>
						<line number="65" hits="5" branch="false"/>
						<line number="73" hits="5" branch="false"/>
						<line number="74" hits="5" branch="false"/>
					</lines>
				</class>
			</classes>
		</package>
		<package name="co.salutary.mobisaude.model.regiao.dao" line-rate="0.7777777777777778" branch-rate="0.5" complexity="1.75">
			<classes>
				<class name="co.salutary.mobisaude.model.regiao.dao.RegiaoDao" filename="co/salutary/mobisaude/model/regiao/dao/RegiaoDao.java" line-rate="1.0" branch-rate="1.0" complexity="1.0">
					<methods>
					</methods>
					<lines>
					</lines>
				</class>
				<class name="co.salutary.mobisaude.model.regiao.dao.RegiaoDaoImpl" filename="co/salutary/mobisaude/model/regiao/dao/RegiaoDaoImpl.java" line-rate="0.7777777777777778" branch-rate="0.5" complexity="2.5">
					<methods>
						<method name="&lt;init&gt;" signature="()V" line-rate="1.0" branch-rate="1.0" complexity="0">
							<lines>
								<line number="18" hits="1" branch="false"/>
							</lines>
						</method>
						<method name="getById" signature="(I)Lco/salutary/mobisaude/model/regiao/Regiao;" line-rate="0.0" branch-rate="1.0" complexity="0">
							<lines>
								<line number="31" hits="0" branch="false"/>
							</lines>
						</method>
						<method name="list" signature="()Ljava/util/List;" line-rate="0.8571428571428571" branch-rate="0.5" complexity="0">
							<lines>
								<line number="40" hits="1" branch="false"/>
								<line number="41" hits="1" branch="false"/>
								<line number="42" hits="1" branch="false"/>
								<line number="43" hits="1" branch="false"/>
								<line number="44" hits="1" branch="true" condition-coverage="50% (2/4)">
									<conditions>
										<condition number="0" type="jump" coverage="50%"/>
										<condition number="1" type="jump" coverage="50%"/>
									</conditions>
								</line>
								<line number="45" hits="1" branch="false"/>
								<line number="47" hits="0" branch="false"/>
							</lines>
						</method>
					</methods>
					<lines>
						<line number="18" hits="1" branch="false"/>
						<line number="31" hits="0" branch="false"/>
						<line number="40" hits="1" branch="false"/>
						<line number="41" hits="1" branch="false"/>
						<line number="42" hits="1" branch="false"/>
						<line number="43" hits="1" branch="false"/>
						<line number="44" hits="1" branch="true" condition-coverage="50% (2/4)">
							<conditions>
								<condition number="0" type="jump" coverage="50%"/>
								<condition number="1" type="jump" coverage="50%"/>
							</conditions>
						</line>
						<line number="45" hits="1" branch="false"/>
						<line number="47" hits="0" branch="false"/>
					</lines>
				</class>
			</classes>
		</package>
		<package name="co.salutary.mobisaude.model.regiao.facade" line-rate="0.6666666666666666" branch-rate="1.0" complexity="1.0">
			<classes>
				<class name="co.salutary.mobisaude.model.regiao.facade.RegiaoFacade" filename="co/salutary/mobisaude/model/regiao/facade/RegiaoFacade.java" line-rate="1.0" branch-rate="1.0" complexity="1.0">
					<methods>
					</methods>
					<lines>
					</lines>
				</class>
				<class name="co.salutary.mobisaude.model.regiao.facade.RegiaoFacadeImpl" filename="co/salutary/mobisaude/model/regiao/facade/RegiaoFacadeImpl.java" line-rate="0.6666666666666666" branch-rate="1.0" complexity="1.0">
					<methods>
						<method name="&lt;init&gt;" signature="()V" line-rate="1.0" branch-rate="1.0" complexity="0">
							<lines>
								<line number="18" hits="1" branch="false"/>
							</lines>
						</method>
						<method name="getById" signature="(I)Lco/salutary/mobisaude/model/regiao/Regiao;" line-rate="0.0" branch-rate="1.0" complexity="0">
							<lines>
								<line number="32" hits="0" branch="false"/>
							</lines>
						</method>
						<method name="list" signature="()Ljava/util/List;" line-rate="1.0" branch-rate="1.0" complexity="0">
							<lines>
								<line number="40" hits="1" branch="false"/>
							</lines>
						</method>
					</methods>
					<lines>
						<line number="18" hits="1" branch="false"/>
						<line number="32" hits="0" branch="false"/>
						<line number="40" hits="1" branch="false"/>
					</lines>
				</class>
			</classes>
		</package>
		<package name="co.salutary.mobisaude.model.relatorioranking" line-rate="0.0" branch-rate="0.0" complexity="1.0746268656716418">
			<classes>
				<class name="co.salutary.mobisaude.model.relatorioranking.RelatorioRanking" filename="co/salutary/mobisaude/model/relatorioranking/RelatorioRanking.java" line-rate="0.0" branch-rate="1.0" complexity="1.0">
					<methods>
						<method name="&lt;init&gt;" signature="()V" line-rate="0.0" branch-rate="1.0" complexity="0">
							<lines>
								<line number="142" hits="0" branch="false"/>
								<line number="143" hits="0" branch="false"/>
							</lines>
						</method>
						<method name="getCodMunicipioIbge" signature="()Ljava/lang/String;" line-rate="0.0" branch-rate="1.0" complexity="0">
							<lines>
								<line number="152" hits="0" branch="false"/>
							</lines>
						</method>
						<method name="getConexaoDados" signature="()Ljava/lang/Double;" line-rate="0.0" branch-rate="1.0" complexity="0">
							<lines>
								<line number="323" hits="0" branch="false"/>
							</lines>
						</method>
						<method name="getConexaoDados2g" signature="()Ljava/lang/Double;" line-rate="0.0" branch-rate="1.0" complexity="0">
							<lines>
								<line number="390" hits="0" branch="false"/>
							</lines>
						</method>
						<method name="getConexaoDados3g" signature="()Ljava/lang/Double;" line-rate="0.0" branch-rate="1.0" complexity="0">
							<lines>
								<line number="420" hits="0" branch="false"/>
							</lines>
						</method>
						<method name="getConexaoDados4g" signature="()Ljava/lang/Double;" line-rate="0.0" branch-rate="1.0" complexity="0">
							<lines>
								<line number="450" hits="0" branch="false"/>
							</lines>
						</method>
						<method name="getConexaoVoz" signature="()Ljava/lang/Double;" line-rate="0.0" branch-rate="1.0" complexity="0">
							<lines>
								<line number="289" hits="0" branch="false"/>
							</lines>
						</method>
						<method name="getDesconexaoDados" signature="()Ljava/lang/Double;" line-rate="0.0" branch-rate="1.0" complexity="0">
							<lines>
								<line number="340" hits="0" branch="false"/>
							</lines>
						</method>
						<method name="getDesconexaoDados2g" signature="()Ljava/lang/Double;" line-rate="0.0" branch-rate="1.0" complexity="0">
							<lines>
								<line number="405" hits="0" branch="false"/>
							</lines>
						</method>
						<method name="getDesconexaoDados3g" signature="()Ljava/lang/Double;" line-rate="0.0" branch-rate="1.0" complexity="0">
							<lines>
								<line number="435" hits="0" branch="false"/>
							</lines>
						</method>
						<method name="getDesconexaoDados4g" signature="()Ljava/lang/Double;" line-rate="0.0" branch-rate="1.0" complexity="0">
							<lines>
								<line number="465" hits="0" branch="false"/>
							</lines>
						</method>
						<method name="getDesconexaoVoz" signature="()Ljava/lang/Double;" line-rate="0.0" branch-rate="1.0" complexity="0">
							<lines>
								<line number="306" hits="0" branch="false"/>
							</lines>
						</method>
						<method name="getDisponibilidade" signature="()Ljava/lang/Double;" line-rate="0.0" branch-rate="1.0" complexity="0">
							<lines>
								<line number="600" hits="0" branch="false"/>
							</lines>
						</method>
						<method name="getIndiceDados" signature="()Ljava/lang/Double;" line-rate="0.0" branch-rate="1.0" complexity="0">
							<lines>
								<line number="540" hits="0" branch="false"/>
							</lines>
						</method>
						<method name="getIndiceDados2g" signature="()Ljava/lang/Double;" line-rate="0.0" branch-rate="1.0" complexity="0">
							<lines>
								<line number="555" hits="0" branch="false"/>
							</lines>
						</method>
						<method name="getIndiceDados3g" signature="()Ljava/lang/Double;" line-rate="0.0" branch-rate="1.0" complexity="0">
							<lines>
								<line number="570" hits="0" branch="false"/>
							</lines>
						</method>
						<method name="getIndiceDados4g" signature="()Ljava/lang/Double;" line-rate="0.0" branch-rate="1.0" complexity="0">
							<lines>
								<line number="585" hits="0" branch="false"/>
							</lines>
						</method>
						<method name="getIndiceVoz" signature="()Ljava/lang/Double;" line-rate="0.0" branch-rate="1.0" complexity="0">
							<lines>
								<line number="525" hits="0" branch="false"/>
							</lines>
						</method>
						<method name="getMunicipio" signature="()Ljava/lang/String;" line-rate="0.0" branch-rate="1.0" complexity="0">
							<lines>
								<line number="169" hits="0" branch="false"/>
							</lines>
						</method>
						<method name="getNomeFantasia" signature="()Ljava/lang/String;" line-rate="0.0" branch-rate="1.0" complexity="0">
							<lines>
								<line number="221" hits="0" branch="false"/>
							</lines>
						</method>
						<method name="getPrestadora" signature="()Ljava/lang/String;" line-rate="0.0" branch-rate="1.0" complexity="0">
							<lines>
								<line number="204" hits="0" branch="false"/>
							</lines>
						</method>
						<method name="getQtdTecnologia2g" signature="()Ljava/lang/Integer;" line-rate="0.0" branch-rate="1.0" complexity="0">
							<lines>
								<line number="238" hits="0" branch="false"/>
							</lines>
						</method>
						<method name="getQtdTecnologia3g" signature="()Ljava/lang/Integer;" line-rate="0.0" branch-rate="1.0" complexity="0">
							<lines>
								<line number="255" hits="0" branch="false"/>
							</lines>
						</method>
						<method name="getQtdTecnologia4g" signature="()Ljava/lang/Integer;" line-rate="0.0" branch-rate="1.0" complexity="0">
							<lines>
								<line number="272" hits="0" branch="false"/>
							</lines>
						</method>
						<method name="getRankingDados" signature="()Ljava/lang/Double;" line-rate="0.0" branch-rate="1.0" complexity="0">
							<lines>
								<line number="374" hits="0" branch="false"/>
							</lines>
						</method>
						<method name="getRankingDados2g" signature="()Ljava/lang/Double;" line-rate="0.0" branch-rate="1.0" complexity="0">
							<lines>
								<line number="480" hits="0" branch="false"/>
							</lines>
						</method>
						<method name="getRankingDados3g" signature="()Ljava/lang/Double;" line-rate="0.0" branch-rate="1.0" complexity="0">
							<lines>
								<line number="495" hits="0" branch="false"/>
							</lines>
						</method>
						<method name="getRankingDados4g" signature="()Ljava/lang/Double;" line-rate="0.0" branch-rate="1.0" complexity="0">
							<lines>
								<line number="510" hits="0" branch="false"/>
							</lines>
						</method>
						<method name="getRankingVoz" signature="()Ljava/lang/Double;" line-rate="0.0" branch-rate="1.0" complexity="0">
							<lines>
								<line number="357" hits="0" branch="false"/>
							</lines>
						</method>
						<method name="getUf" signature="()Ljava/lang/String;" line-rate="0.0" branch-rate="1.0" complexity="0">
							<lines>
								<line number="186" hits="0" branch="false"/>
							</lines>
						</method>
						<method name="setCodMunicipioIbge" signature="(Ljava/lang/String;)V" line-rate="0.0" branch-rate="1.0" complexity="0">
							<lines>
								<line number="160" hits="0" branch="false"/>
								<line number="161" hits="0" branch="false"/>
							</lines>
						</method>
						<method name="setConexaoDados" signature="(Ljava/lang/Double;)V" line-rate="0.0" branch-rate="1.0" complexity="0">
							<lines>
								<line number="331" hits="0" branch="false"/>
								<line number="332" hits="0" branch="false"/>
							</lines>
						</method>
						<method name="setConexaoDados2g" signature="(Ljava/lang/Double;)V" line-rate="0.0" branch-rate="1.0" complexity="0">
							<lines>
								<line number="397" hits="0" branch="false"/>
								<line number="398" hits="0" branch="false"/>
							</lines>
						</method>
						<method name="setConexaoDados3g" signature="(Ljava/lang/Double;)V" line-rate="0.0" branch-rate="1.0" complexity="0">
							<lines>
								<line number="427" hits="0" branch="false"/>
								<line number="428" hits="0" branch="false"/>
							</lines>
						</method>
						<method name="setConexaoDados4g" signature="(Ljava/lang/Double;)V" line-rate="0.0" branch-rate="1.0" complexity="0">
							<lines>
								<line number="457" hits="0" branch="false"/>
								<line number="458" hits="0" branch="false"/>
							</lines>
						</method>
						<method name="setConexaoVoz" signature="(Ljava/lang/Double;)V" line-rate="0.0" branch-rate="1.0" complexity="0">
							<lines>
								<line number="297" hits="0" branch="false"/>
								<line number="298" hits="0" branch="false"/>
							</lines>
						</method>
						<method name="setDesconexaoDados" signature="(Ljava/lang/Double;)V" line-rate="0.0" branch-rate="1.0" complexity="0">
							<lines>
								<line number="348" hits="0" branch="false"/>
								<line number="349" hits="0" branch="false"/>
							</lines>
						</method>
						<method name="setDesconexaoDados2g" signature="(Ljava/lang/Double;)V" line-rate="0.0" branch-rate="1.0" complexity="0">
							<lines>
								<line number="412" hits="0" branch="false"/>
								<line number="413" hits="0" branch="false"/>
							</lines>
						</method>
						<method name="setDesconexaoDados3g" signature="(Ljava/lang/Double;)V" line-rate="0.0" branch-rate="1.0" complexity="0">
							<lines>
								<line number="442" hits="0" branch="false"/>
								<line number="443" hits="0" branch="false"/>
							</lines>
						</method>
						<method name="setDesconexaoDados4g" signature="(Ljava/lang/Double;)V" line-rate="0.0" branch-rate="1.0" complexity="0">
							<lines>
								<line number="472" hits="0" branch="false"/>
								<line number="473" hits="0" branch="false"/>
							</lines>
						</method>
						<method name="setDesconexaoVoz" signature="(Ljava/lang/Double;)V" line-rate="0.0" branch-rate="1.0" complexity="0">
							<lines>
								<line number="314" hits="0" branch="false"/>
								<line number="315" hits="0" branch="false"/>
							</lines>
						</method>
						<method name="setDisponibilidade" signature="(Ljava/lang/Double;)V" line-rate="0.0" branch-rate="1.0" complexity="0">
							<lines>
								<line number="607" hits="0" branch="false"/>
								<line number="608" hits="0" branch="false"/>
							</lines>
						</method>
						<method name="setIndiceDados" signature="(Ljava/lang/Double;)V" line-rate="0.0" branch-rate="1.0" complexity="0">
							<lines>
								<line number="547" hits="0" branch="false"/>
								<line number="548" hits="0" branch="false"/>
							</lines>
						</method>
						<method name="setIndiceDados2g" signature="(Ljava/lang/Double;)V" line-rate="0.0" branch-rate="1.0" complexity="0">
							<lines>
								<line number="562" hits="0" branch="false"/>
								<line number="563" hits="0" branch="false"/>
							</lines>
						</method>
						<method name="setIndiceDados3g" signature="(Ljava/lang/Double;)V" line-rate="0.0" branch-rate="1.0" complexity="0">
							<lines>
								<line number="577" hits="0" branch="false"/>
								<line number="578" hits="0" branch="false"/>
							</lines>
						</method>
						<method name="setIndiceDados4g" signature="(Ljava/lang/Double;)V" line-rate="0.0" branch-rate="1.0" complexity="0">
							<lines>
								<line number="592" hits="0" branch="false"/>
								<line number="593" hits="0" branch="false"/>
							</lines>
						</method>
						<method name="setIndiceVoz" signature="(Ljava/lang/Double;)V" line-rate="0.0" branch-rate="1.0" complexity="0">
							<lines>
								<line number="532" hits="0" branch="false"/>
								<line number="533" hits="0" branch="false"/>
							</lines>
						</method>
						<method name="setMunicipio" signature="(Ljava/lang/String;)V" line-rate="0.0" branch-rate="1.0" complexity="0">
							<lines>
								<line number="177" hits="0" branch="false"/>
								<line number="178" hits="0" branch="false"/>
							</lines>
						</method>
						<method name="setNomeFantasia" signature="(Ljava/lang/String;)V" line-rate="0.0" branch-rate="1.0" complexity="0">
							<lines>
								<line number="229" hits="0" branch="false"/>
								<line number="230" hits="0" branch="false"/>
							</lines>
						</method>
						<method name="setPrestadora" signature="(Ljava/lang/String;)V" line-rate="0.0" branch-rate="1.0" complexity="0">
							<lines>
								<line number="212" hits="0" branch="false"/>
								<line number="213" hits="0" branch="false"/>
							</lines>
						</method>
						<method name="setQtdTecnologia2g" signature="(Ljava/lang/Integer;)V" line-rate="0.0" branch-rate="1.0" complexity="0">
							<lines>
								<line number="246" hits="0" branch="false"/>
								<line number="247" hits="0" branch="false"/>
							</lines>
						</method>
						<method name="setQtdTecnologia3g" signature="(Ljava/lang/Integer;)V" line-rate="0.0" branch-rate="1.0" complexity="0">
							<lines>
								<line number="263" hits="0" branch="false"/>
								<line number="264" hits="0" branch="false"/>
							</lines>
						</method>
						<method name="setQtdTecnologia4g" signature="(Ljava/lang/Integer;)V" line-rate="0.0" branch-rate="1.0" complexity="0">
							<lines>
								<line number="280" hits="0" branch="false"/>
								<line number="281" hits="0" branch="false"/>
							</lines>
						</method>
						<method name="setRankingDados" signature="(Ljava/lang/Double;)V" line-rate="0.0" branch-rate="1.0" complexity="0">
							<lines>
								<line number="382" hits="0" branch="false"/>
								<line number="383" hits="0" branch="false"/>
							</lines>
						</method>
						<method name="setRankingDados2g" signature="(Ljava/lang/Double;)V" line-rate="0.0" branch-rate="1.0" complexity="0">
							<lines>
								<line number="487" hits="0" branch="false"/>
								<line number="488" hits="0" branch="false"/>
							</lines>
						</method>
						<method name="setRankingDados3g" signature="(Ljava/lang/Double;)V" line-rate="0.0" branch-rate="1.0" complexity="0">
							<lines>
								<line number="502" hits="0" branch="false"/>
								<line number="503" hits="0" branch="false"/>
							</lines>
						</method>
						<method name="setRankingDados4g" signature="(Ljava/lang/Double;)V" line-rate="0.0" branch-rate="1.0" complexity="0">
							<lines>
								<line number="517" hits="0" branch="false"/>
								<line number="518" hits="0" branch="false"/>
							</lines>
						</method>
						<method name="setRankingVoz" signature="(Ljava/lang/Double;)V" line-rate="0.0" branch-rate="1.0" complexity="0">
							<lines>
								<line number="365" hits="0" branch="false"/>
								<line number="366" hits="0" branch="false"/>
							</lines>
						</method>
						<method name="setUf" signature="(Ljava/lang/String;)V" line-rate="0.0" branch-rate="1.0" complexity="0">
							<lines>
								<line number="194" hits="0" branch="false"/>
								<line number="195" hits="0" branch="false"/>
							</lines>
						</method>
					</methods>
					<lines>
						<line number="142" hits="0" branch="false"/>
						<line number="143" hits="0" branch="false"/>
						<line number="152" hits="0" branch="false"/>
						<line number="160" hits="0" branch="false"/>
						<line number="161" hits="0" branch="false"/>
						<line number="169" hits="0" branch="false"/>
						<line number="177" hits="0" branch="false"/>
						<line number="178" hits="0" branch="false"/>
						<line number="186" hits="0" branch="false"/>
						<line number="194" hits="0" branch="false"/>
						<line number="195" hits="0" branch="false"/>
						<line number="204" hits="0" branch="false"/>
						<line number="212" hits="0" branch="false"/>
						<line number="213" hits="0" branch="false"/>
						<line number="221" hits="0" branch="false"/>
						<line number="229" hits="0" branch="false"/>
						<line number="230" hits="0" branch="false"/>
						<line number="238" hits="0" branch="false"/>
						<line number="246" hits="0" branch="false"/>
						<line number="247" hits="0" branch="false"/>
						<line number="255" hits="0" branch="false"/>
						<line number="263" hits="0" branch="false"/>
						<line number="264" hits="0" branch="false"/>
						<line number="272" hits="0" branch="false"/>
						<line number="280" hits="0" branch="false"/>
						<line number="281" hits="0" branch="false"/>
						<line number="289" hits="0" branch="false"/>
						<line number="297" hits="0" branch="false"/>
						<line number="298" hits="0" branch="false"/>
						<line number="306" hits="0" branch="false"/>
						<line number="314" hits="0" branch="false"/>
						<line number="315" hits="0" branch="false"/>
						<line number="323" hits="0" branch="false"/>
						<line number="331" hits="0" branch="false"/>
						<line number="332" hits="0" branch="false"/>
						<line number="340" hits="0" branch="false"/>
						<line number="348" hits="0" branch="false"/>
						<line number="349" hits="0" branch="false"/>
						<line number="357" hits="0" branch="false"/>
						<line number="365" hits="0" branch="false"/>
						<line number="366" hits="0" branch="false"/>
						<line number="374" hits="0" branch="false"/>
						<line number="382" hits="0" branch="false"/>
						<line number="383" hits="0" branch="false"/>
						<line number="390" hits="0" branch="false"/>
						<line number="397" hits="0" branch="false"/>
						<line number="398" hits="0" branch="false"/>
						<line number="405" hits="0" branch="false"/>
						<line number="412" hits="0" branch="false"/>
						<line number="413" hits="0" branch="false"/>
						<line number="420" hits="0" branch="false"/>
						<line number="427" hits="0" branch="false"/>
						<line number="428" hits="0" branch="false"/>
						<line number="435" hits="0" branch="false"/>
						<line number="442" hits="0" branch="false"/>
						<line number="443" hits="0" branch="false"/>
						<line number="450" hits="0" branch="false"/>
						<line number="457" hits="0" branch="false"/>
						<line number="458" hits="0" branch="false"/>
						<line number="465" hits="0" branch="false"/>
						<line number="472" hits="0" branch="false"/>
						<line number="473" hits="0" branch="false"/>
						<line number="480" hits="0" branch="false"/>
						<line number="487" hits="0" branch="false"/>
						<line number="488" hits="0" branch="false"/>
						<line number="495" hits="0" branch="false"/>
						<line number="502" hits="0" branch="false"/>
						<line number="503" hits="0" branch="false"/>
						<line number="510" hits="0" branch="false"/>
						<line number="517" hits="0" branch="false"/>
						<line number="518" hits="0" branch="false"/>
						<line number="525" hits="0" branch="false"/>
						<line number="532" hits="0" branch="false"/>
						<line number="533" hits="0" branch="false"/>
						<line number="540" hits="0" branch="false"/>
						<line number="547" hits="0" branch="false"/>
						<line number="548" hits="0" branch="false"/>
						<line number="555" hits="0" branch="false"/>
						<line number="562" hits="0" branch="false"/>
						<line number="563" hits="0" branch="false"/>
						<line number="570" hits="0" branch="false"/>
						<line number="577" hits="0" branch="false"/>
						<line number="578" hits="0" branch="false"/>
						<line number="585" hits="0" branch="false"/>
						<line number="592" hits="0" branch="false"/>
						<line number="593" hits="0" branch="false"/>
						<line number="600" hits="0" branch="false"/>
						<line number="607" hits="0" branch="false"/>
						<line number="608" hits="0" branch="false"/>
					</lines>
				</class>
				<class name="co.salutary.mobisaude.model.relatorioranking.RelatorioRankingPK" filename="co/salutary/mobisaude/model/relatorioranking/RelatorioRankingPK.java" line-rate="0.0" branch-rate="0.0" complexity="1.625">
					<methods>
						<method name="&lt;init&gt;" signature="()V" line-rate="0.0" branch-rate="1.0" complexity="0">
							<lines>
								<line number="58" hits="0" branch="false"/>
							</lines>
						</method>
						<method name="&lt;init&gt;" signature="(Ljava/lang/String;Ljava/lang/String;)V" line-rate="0.0" branch-rate="1.0" complexity="0">
							<lines>
								<line number="65" hits="0" branch="false"/>
								<line number="66" hits="0" branch="false"/>
								<line number="67" hits="0" branch="false"/>
								<line number="68" hits="0" branch="false"/>
							</lines>
						</method>
						<method name="equals" signature="(Ljava/lang/Object;)Z" line-rate="0.0" branch-rate="0.0" complexity="0">
							<lines>
								<line number="74" hits="0" branch="true" condition-coverage="0% (0/2)">
									<conditions>
										<condition number="0" type="jump" coverage="0%"/>
									</conditions>
								</line>
								<line number="75" hits="0" branch="false"/>
								<line number="77" hits="0" branch="false"/>
								<line number="79" hits="0" branch="true" condition-coverage="0% (0/4)">
									<conditions>
										<condition number="0" type="jump" coverage="0%"/>
										<condition number="1" type="jump" coverage="0%"/>
									</conditions>
								</line>
								<line number="81" hits="0" branch="false"/>
								<line number="83" hits="0" branch="false"/>
							</lines>
						</method>
						<method name="getCodMunicipioIbge" signature="()Ljava/lang/String;" line-rate="0.0" branch-rate="1.0" complexity="0">
							<lines>
								<line number="28" hits="0" branch="false"/>
							</lines>
						</method>
						<method name="getPrestadora" signature="()Ljava/lang/String;" line-rate="0.0" branch-rate="1.0" complexity="0">
							<lines>
								<line number="44" hits="0" branch="false"/>
							</lines>
						</method>
						<method name="hashCode" signature="()I" line-rate="0.0" branch-rate="1.0" complexity="0">
							<lines>
								<line number="90" hits="0" branch="false"/>
								<line number="91" hits="0" branch="false"/>
							</lines>
						</method>
						<method name="setCodMunicipioIbge" signature="(Ljava/lang/String;)V" line-rate="0.0" branch-rate="1.0" complexity="0">
							<lines>
								<line number="36" hits="0" branch="false"/>
								<line number="37" hits="0" branch="false"/>
							</lines>
						</method>
						<method name="setPrestadora" signature="(Ljava/lang/String;)V" line-rate="0.0" branch-rate="1.0" complexity="0">
							<lines>
								<line number="52" hits="0" branch="false"/>
								<line number="53" hits="0" branch="false"/>
							</lines>
						</method>
					</methods>
					<lines>
						<line number="28" hits="0" branch="false"/>
						<line number="36" hits="0" branch="false"/>
						<line number="37" hits="0" branch="false"/>
						<line number="44" hits="0" branch="false"/>
						<line number="52" hits="0" branch="false"/>
						<line number="53" hits="0" branch="false"/>
						<line number="58" hits="0" branch="false"/>
						<line number="65" hits="0" branch="false"/>
						<line number="66" hits="0" branch="false"/>
						<line number="67" hits="0" branch="false"/>
						<line number="68" hits="0" branch="false"/>
						<line number="74" hits="0" branch="true" condition-coverage="0% (0/2)">
							<conditions>
								<condition number="0" type="jump" coverage="0%"/>
							</conditions>
						</line>
						<line number="75" hits="0" branch="false"/>
						<line number="77" hits="0" branch="false"/>
						<line number="79" hits="0" branch="true" condition-coverage="0% (0/4)">
							<conditions>
								<condition number="0" type="jump" coverage="0%"/>
								<condition number="1" type="jump" coverage="0%"/>
							</conditions>
						</line>
						<line number="81" hits="0" branch="false"/>
						<line number="83" hits="0" branch="false"/>
						<line number="90" hits="0" branch="false"/>
						<line number="91" hits="0" branch="false"/>
					</lines>
				</class>
			</classes>
		</package>
		<package name="co.salutary.mobisaude.model.relatorioranking.dao" line-rate="0.05263157894736842" branch-rate="0.0" complexity="3.0">
			<classes>
				<class name="co.salutary.mobisaude.model.relatorioranking.dao.RelatorioRankingDao" filename="co/salutary/mobisaude/model/relatorioranking/dao/RelatorioRankingDao.java" line-rate="1.0" branch-rate="1.0" complexity="1.0">
					<methods>
					</methods>
					<lines>
					</lines>
				</class>
[...]
							<lines>
								<line number="68" hits="0" branch="false"/>
								<line number="69" hits="0" branch="false"/>
								<line number="70" hits="0" branch="false"/>
								<line number="71" hits="0" branch="false"/>
								<line number="72" hits="0" branch="false"/>
							</lines>
						</method>
						<method name="encodeToMD5" signature="(Ljava/lang/String;)[B" line-rate="0.0" branch-rate="1.0" complexity="0">
							<lines>
								<line number="48" hits="0" branch="false"/>
							</lines>
						</method>
						<method name="encodeToSHA" signature="(Ljava/lang/String;)[B" line-rate="0.0" branch-rate="1.0" complexity="0">
							<lines>
								<line number="57" hits="0" branch="false"/>
							</lines>
						</method>
						<method name="encrypt" signature="(Ljava/lang/String;)[B" line-rate="1.0" branch-rate="1.0" complexity="0">
							<lines>
								<line number="129" hits="1" branch="false"/>
							</lines>
						</method>
						<method name="main" signature="([Ljava/lang/String;)V" line-rate="0.0" branch-rate="0.0" complexity="0">
							<lines>
								<line number="177" hits="0" branch="false"/>
								<line number="178" hits="0" branch="false"/>
								<line number="180" hits="0" branch="false"/>
								<line number="181" hits="0" branch="false"/>
								<line number="184" hits="0" branch="true" condition-coverage="0% (0/2)">
									<conditions>
										<condition number="0" type="jump" coverage="0%"/>
									</conditions>
								</line>
								<line number="185" hits="0" branch="false"/>
								<line number="189" hits="0" branch="false"/>
								<line number="190" hits="0" branch="false"/>
								<line number="193" hits="0" branch="false"/>
								<line number="194" hits="0" branch="true" condition-coverage="0% (0/2)">
									<conditions>
										<condition number="0" type="jump" coverage="0%"/>
									</conditions>
								</line>
								<line number="195" hits="0" branch="false"/>
								<line number="196" hits="0" branch="false"/>
								<line number="197" hits="0" branch="false"/>
							</lines>
						</method>
						<method name="primeFactors" signature="(I)Ljava/util/List;" line-rate="1.0" branch-rate="0.8333333333333334" complexity="0">
							<lines>
								<line number="154" hits="2" branch="false"/>
								<line number="155" hits="2" branch="false"/>
								<line number="156" hits="426" branch="true" condition-coverage="100% (2/2)">
									<conditions>
										<condition number="0" type="jump" coverage="100%"/>
									</conditions>
								</line>
								<line number="157" hits="436" branch="true" condition-coverage="100% (2/2)">
									<conditions>
										<condition number="0" type="jump" coverage="100%"/>
									</conditions>
								</line>
								<line number="158" hits="12" branch="false"/>
								<line number="159" hits="12" branch="false"/>
								<line number="162" hits="2" branch="true" condition-coverage="50% (1/2)">
									<conditions>
										<condition number="0" type="jump" coverage="50%"/>
									</conditions>
								</line>
								<line number="163" hits="2" branch="false"/>
								<line number="165" hits="2" branch="false"/>
							</lines>
						</method>
					</methods>
					<lines>
						<line number="26" hits="1" branch="false"/>
						<line number="39" hits="0" branch="false"/>
						<line number="40" hits="0" branch="false"/>
						<line number="48" hits="0" branch="false"/>
						<line number="57" hits="0" branch="false"/>
						<line number="68" hits="0" branch="false"/>
						<line number="69" hits="0" branch="false"/>
						<line number="70" hits="0" branch="false"/>
						<line number="71" hits="0" branch="false"/>
						<line number="72" hits="0" branch="false"/>
						<line number="82" hits="0" branch="false"/>
						<line number="83" hits="0" branch="true" condition-coverage="0% (0/2)">
							<conditions>
								<condition number="0" type="jump" coverage="0%"/>
							</conditions>
						</line>
						<line number="84" hits="0" branch="false"/>
						<line number="85" hits="0" branch="false"/>
						<line number="86" hits="0" branch="true" condition-coverage="0% (0/2)">
							<conditions>
								<condition number="0" type="jump" coverage="0%"/>
							</conditions>
						</line>
						<line number="87" hits="0" branch="false"/>
						<line number="89" hits="0" branch="false"/>
						<line number="98" hits="0" branch="false"/>
						<line number="99" hits="0" branch="false"/>
						<line number="111" hits="1" branch="false"/>
						<line number="112" hits="1" branch="false"/>
						<line number="113" hits="1" branch="false"/>
						<line number="114" hits="1" branch="true" condition-coverage="50% (1/2)">
							<conditions>
								<condition number="0" type="jump" coverage="50%"/>
							</conditions>
						</line>
						<line number="116" hits="1" branch="false"/>
						<line number="117" hits="0" branch="false"/>
						<line number="118" hits="0" branch="false"/>
						<line number="120" hits="0" branch="false"/>
						<line number="129" hits="1" branch="false"/>
						<line number="138" hits="0" branch="false"/>
						<line number="145" hits="0" branch="false"/>
						<line number="154" hits="2" branch="false"/>
						<line number="155" hits="2" branch="false"/>
						<line number="156" hits="426" branch="true" condition-coverage="100% (2/2)">
							<conditions>
								<condition number="0" type="jump" coverage="100%"/>
							</conditions>
						</line>
						<line number="157" hits="436" branch="true" condition-coverage="100% (2/2)">
							<conditions>
								<condition number="0" type="jump" coverage="100%"/>
							</conditions>
						</line>
						<line number="158" hits="12" branch="false"/>
						<line number="159" hits="12" branch="false"/>
						<line number="162" hits="2" branch="true" condition-coverage="50% (1/2)">
							<conditions>
								<condition number="0" type="jump" coverage="50%"/>
							</conditions>
						</line>
						<line number="163" hits="2" branch="false"/>
						<line number="165" hits="2" branch="false"/>
						<line number="169" hits="0" branch="false"/>
						<line number="177" hits="0" branch="false"/>
						<line number="178" hits="0" branch="false"/>
						<line number="180" hits="0" branch="false"/>
						<line number="181" hits="0" branch="false"/>
						<line number="184" hits="0" branch="true" condition-coverage="0% (0/2)">
							<conditions>
								<condition number="0" type="jump" coverage="0%"/>
							</conditions>
						</line>
						<line number="185" hits="0" branch="false"/>
						<line number="189" hits="0" branch="false"/>
						<line number="190" hits="0" branch="false"/>
						<line number="193" hits="0" branch="false"/>
						<line number="194" hits="0" branch="true" condition-coverage="0% (0/2)">
							<conditions>
								<condition number="0" type="jump" coverage="0%"/>
							</conditions>
						</line>
						<line number="195" hits="0" branch="false"/>
						<line number="196" hits="0" branch="false"/>
						<line number="197" hits="0" branch="false"/>
					</lines>
				</class>
				<class name="co.salutary.mobisaude.util.Email" filename="co/salutary/mobisaude/util/Email.java" line-rate="0.0" branch-rate="0.0" complexity="2.5">
					<methods>
						<method name="&lt;clinit&gt;" signature="()V" line-rate="0.0" branch-rate="1.0" complexity="0">
							<lines>
								<line number="35" hits="0" branch="false"/>
							</lines>
						</method>
						<method name="&lt;init&gt;" signature="()V" line-rate="0.0" branch-rate="0.0" complexity="0">
							<lines>
								<line number="46" hits="0" branch="false"/>
								<line number="47" hits="0" branch="false"/>
								<line number="49" hits="0" branch="false"/>
								<line number="50" hits="0" branch="false"/>
								<line number="51" hits="0" branch="false"/>
								<line number="52" hits="0" branch="false"/>
								<line number="53" hits="0" branch="false"/>
								<line number="54" hits="0" branch="false"/>
								<line number="56" hits="0" branch="true" condition-coverage="0% (0/2)">
									<conditions>
										<condition number="0" type="jump" coverage="0%"/>
									</conditions>
								</line>
								<line number="57" hits="0" branch="false"/>
								<line number="60" hits="0" branch="false"/>
							</lines>
						</method>
						<method name="access$000" signature="(Lco/salutary/mobisaude/util/Email;)Ljava/util/Properties;" line-rate="0.0" branch-rate="1.0" complexity="0">
							<lines>
								<line number="31" hits="0" branch="false"/>
							</lines>
						</method>
						<method name="enviarEmail" signature="(Ljava/lang/String;Ljava/lang/String;Ljava/lang/String;)V" line-rate="0.0" branch-rate="1.0" complexity="0">
							<lines>
								<line number="72" hits="0" branch="false"/>
								<line number="73" hits="0" branch="false"/>
							</lines>
						</method>
						<method name="enviarEmail" signature="(Ljava/lang/String;Ljava/lang/String;Ljava/lang/String;Ljava/lang/String;)V" line-rate="0.0" branch-rate="0.0" complexity="0">
							<lines>
								<line number="102" hits="0" branch="false"/>
								<line number="108" hits="0" branch="false"/>
								<line number="110" hits="0" branch="false"/>
								<line number="111" hits="0" branch="false"/>
								<line number="112" hits="0" branch="false"/>
								<line number="113" hits="0" branch="true" condition-coverage="0% (0/2)">
									<conditions>
										<condition number="0" type="jump" coverage="0%"/>
									</conditions>
								</line>
								<line number="114" hits="0" branch="false"/>
								<line number="115" hits="0" branch="false"/>
								<line number="116" hits="0" branch="false"/>
								<line number="117" hits="0" branch="false"/>
								<line number="119" hits="0" branch="false"/>
								<line number="120" hits="0" branch="false"/>
								<line number="121" hits="0" branch="false"/>
								<line number="122" hits="0" branch="false"/>
								<line number="124" hits="0" branch="false"/>
								<line number="125" hits="0" branch="false"/>
								<line number="126" hits="0" branch="false"/>
								<line number="127" hits="0" branch="false"/>
								<line number="128" hits="0" branch="false"/>
							</lines>
						</method>
						<method name="enviarEmail" signature="(Ljava/lang/String;Ljava/lang/String;Ljava/lang/String;Ljava/lang/String;[B)V" line-rate="0.0" branch-rate="0.0" complexity="0">
							<lines>
								<line number="144" hits="0" branch="false"/>
								<line number="150" hits="0" branch="false"/>
								<line number="152" hits="0" branch="false"/>
								<line number="153" hits="0" branch="false"/>
								<line number="154" hits="0" branch="false"/>
								<line number="155" hits="0" branch="true" condition-coverage="0% (0/2)">
									<conditions>
										<condition number="0" type="jump" coverage="0%"/>
									</conditions>
								</line>
								<line number="156" hits="0" branch="false"/>
								<line number="157" hits="0" branch="false"/>
								<line number="158" hits="0" branch="false"/>
								<line number="161" hits="0" branch="false"/>
								<line number="162" hits="0" branch="false"/>
								<line number="163" hits="0" branch="false"/>
								<line number="164" hits="0" branch="false"/>
								<line number="165" hits="0" branch="false"/>
								<line number="166" hits="0" branch="false"/>
								<line number="167" hits="0" branch="false"/>
								<line number="168" hits="0" branch="false"/>
								<line number="169" hits="0" branch="false"/>
								<line number="170" hits="0" branch="false"/>
								<line number="171" hits="0" branch="false"/>
								<line number="173" hits="0" branch="false"/>
								<line number="174" hits="0" branch="false"/>
								<line number="175" hits="0" branch="false"/>
								<line number="176" hits="0" branch="false"/>
								<line number="177" hits="0" branch="false"/>
								<line number="178" hits="0" branch="false"/>
								<line number="179" hits="0" branch="false"/>
								<line number="180" hits="0" branch="false"/>
								<line number="181" hits="0" branch="false"/>
							</lines>
						</method>
						<method name="enviarEmail" signature="(Ljava/lang/String;Ljava/lang/String;Ljava/lang/String;[B)V" line-rate="0.0" branch-rate="1.0" complexity="0">
							<lines>
								<line number="86" hits="0" branch="false"/>
								<line number="87" hits="0" branch="false"/>
							</lines>
						</method>
						<method name="main" signature="([Ljava/lang/String;)V" line-rate="0.0" branch-rate="1.0" complexity="0">
							<lines>
								<line number="189" hits="0" branch="false"/>
								<line number="190" hits="0" branch="false"/>
								<line number="191" hits="0" branch="false"/>
								<line number="193" hits="0" branch="false"/>
								<line number="195" hits="0" branch="false"/>
								<line number="197" hits="0" branch="false"/>
								<line number="198" hits="0" branch="false"/>
							</lines>
						</method>
					</methods>
					<lines>
						<line number="31" hits="0" branch="false"/>
						<line number="35" hits="0" branch="false"/>
						<line number="46" hits="0" branch="false"/>
						<line number="47" hits="0" branch="false"/>
						<line number="49" hits="0" branch="false"/>
						<line number="50" hits="0" branch="false"/>
						<line number="51" hits="0" branch="false"/>
						<line number="52" hits="0" branch="false"/>
						<line number="53" hits="0" branch="false"/>
						<line number="54" hits="0" branch="false"/>
						<line number="56" hits="0" branch="true" condition-coverage="0% (0/2)">
							<conditions>
								<condition number="0" type="jump" coverage="0%"/>
							</conditions>
						</line>
						<line number="57" hits="0" branch="false"/>
						<line number="60" hits="0" branch="false"/>
						<line number="72" hits="0" branch="false"/>
						<line number="73" hits="0" branch="false"/>
						<line number="86" hits="0" branch="false"/>
						<line number="87" hits="0" branch="false"/>
						<line number="102" hits="0" branch="false"/>
						<line number="108" hits="0" branch="false"/>
						<line number="110" hits="0" branch="false"/>
						<line number="111" hits="0" branch="false"/>
						<line number="112" hits="0" branch="false"/>
						<line number="113" hits="0" branch="true" condition-coverage="0% (0/2)">
							<conditions>
								<condition number="0" type="jump" coverage="0%"/>
							</conditions>
						</line>
						<line number="114" hits="0" branch="false"/>
						<line number="115" hits="0" branch="false"/>
						<line number="116" hits="0" branch="false"/>
						<line number="117" hits="0" branch="false"/>
						<line number="119" hits="0" branch="false"/>
						<line number="120" hits="0" branch="false"/>
						<line number="121" hits="0" branch="false"/>
						<line number="122" hits="0" branch="false"/>
						<line number="124" hits="0" branch="false"/>
						<line number="125" hits="0" branch="false"/>
						<line number="126" hits="0" branch="false"/>
						<line number="127" hits="0" branch="false"/>
						<line number="128" hits="0" branch="false"/>
						<line number="144" hits="0" branch="false"/>
						<line number="150" hits="0" branch="false"/>
						<line number="152" hits="0" branch="false"/>
						<line number="153" hits="0" branch="false"/>
						<line number="154" hits="0" branch="false"/>
						<line number="155" hits="0" branch="true" condition-coverage="0% (0/2)">
							<conditions>
								<condition number="0" type="jump" coverage="0%"/>
							</conditions>
						</line>
						<line number="156" hits="0" branch="false"/>
						<line number="157" hits="0" branch="false"/>
						<line number="158" hits="0" branch="false"/>
						<line number="161" hits="0" branch="false"/>
						<line number="162" hits="0" branch="false"/>
						<line number="163" hits="0" branch="false"/>
						<line number="164" hits="0" branch="false"/>
						<line number="165" hits="0" branch="false"/>
						<line number="166" hits="0" branch="false"/>
						<line number="167" hits="0" branch="false"/>
						<line number="168" hits="0" branch="false"/>
						<line number="169" hits="0" branch="false"/>
						<line number="170" hits="0" branch="false"/>
						<line number="171" hits="0" branch="false"/>
						<line number="173" hits="0" branch="false"/>
						<line number="174" hits="0" branch="false"/>
						<line number="175" hits="0" branch="false"/>
						<line number="176" hits="0" branch="false"/>
						<line number="177" hits="0" branch="false"/>
						<line number="178" hits="0" branch="false"/>
						<line number="179" hits="0" branch="false"/>
						<line number="180" hits="0" branch="false"/>
						<line number="181" hits="0" branch="false"/>
						<line number="189" hits="0" branch="false"/>
						<line number="190" hits="0" branch="false"/>
						<line number="191" hits="0" branch="false"/>
						<line number="193" hits="0" branch="false"/>
						<line number="195" hits="0" branch="false"/>
						<line number="197" hits="0" branch="false"/>
						<line number="198" hits="0" branch="false"/>
					</lines>
				</class>
				<class name="co.salutary.mobisaude.util.Email$1" filename="co/salutary/mobisaude/util/Email.java" line-rate="0.0" branch-rate="1.0" complexity="2.5">
					<methods>
						<method name="&lt;init&gt;" signature="(Lco/salutary/mobisaude/util/Email;)V" line-rate="0.0" branch-rate="1.0" complexity="0">
							<lines>
								<line number="103" hits="0" branch="false"/>
							</lines>
						</method>
						<method name="getPasswordAuthentication" signature="()Ljavax/mail/PasswordAuthentication;" line-rate="0.0" branch-rate="1.0" complexity="0">
							<lines>
								<line number="105" hits="0" branch="false"/>
							</lines>
						</method>
					</methods>
					<lines>
						<line number="103" hits="0" branch="false"/>
						<line number="105" hits="0" branch="false"/>
					</lines>
				</class>
				<class name="co.salutary.mobisaude.util.Email$2" filename="co/salutary/mobisaude/util/Email.java" line-rate="0.0" branch-rate="1.0" complexity="2.5">
					<methods>
						<method name="&lt;init&gt;" signature="(Lco/salutary/mobisaude/util/Email;)V" line-rate="0.0" branch-rate="1.0" complexity="0">
							<lines>
								<line number="145" hits="0" branch="false"/>
							</lines>
						</method>
						<method name="getPasswordAuthentication" signature="()Ljavax/mail/PasswordAuthentication;" line-rate="0.0" branch-rate="1.0" complexity="0">
							<lines>
								<line number="147" hits="0" branch="false"/>
							</lines>
						</method>
					</methods>
					<lines>
						<line number="145" hits="0" branch="false"/>
						<line number="147" hits="0" branch="false"/>
					</lines>
				</class>
				<class name="co.salutary.mobisaude.util.Utils" filename="co/salutary/mobisaude/util/Utils.java" line-rate="0.0" branch-rate="1.0" complexity="1.0">
					<methods>
						<method name="&lt;clinit&gt;" signature="()V" line-rate="0.0" branch-rate="1.0" complexity="0">
							<lines>
								<line number="10" hits="0" branch="false"/>
							</lines>
						</method>
						<method name="&lt;init&gt;" signature="()V" line-rate="0.0" branch-rate="1.0" complexity="0">
							<lines>
								<line number="9" hits="0" branch="false"/>
							</lines>
						</method>
						<method name="isAnoMesCorrente" signature="(Ljava/lang/String;)Z" line-rate="0.0" branch-rate="1.0" complexity="0">
							<lines>
								<line number="13" hits="0" branch="false"/>
								<line number="15" hits="0" branch="false"/>
							</lines>
						</method>
					</methods>
					<lines>
						<line number="9" hits="0" branch="false"/>
						<line number="10" hits="0" branch="false"/>
						<line number="13" hits="0" branch="false"/>
						<line number="15" hits="0" branch="false"/>
					</lines>
				</class>
			</classes>
		</package>
	</packages>
</coverage>
